<?xml version="1.0" encoding="UTF-8"?>
<!-- Generated by org.testng.reporters.JUnitReportReporter -->
<testsuite hostname="Raviraj" failures="0" tests="2" name="qafox.TestNGListener.Demo" time="28.696" errors="0" timestamp="2022-12-04T09:40:28 IST" skipped="0">
  <testcase classname="qafox.TestNGListener.Demo" name="testOmayoB" time="18.780"/>
  <system-out/>
  <testcase classname="qafox.TestNGListener.Demo" name="testomayoTitle" time="9.916"/>
  <system-out/>
</testsuite> <!-- qafox.TestNGListener.Demo -->
